<?xml version="1.0" encoding="UTF-8"?>
<!-- Generated by org.testng.reporters.JUnitReportReporter -->
<testsuite hostname="DESKTOP-S28FG7M" failures="0" tests="4" name="TestCase.com.TestCase" time="6.697" errors="0" timestamp="2024-04-14T14:16:03 IST" skipped="0">
  <testcase classname="TestCase.com.TestCase" name="testBox" time="5.674"/>
  <system-out/>
  <testcase classname="TestCase.com.TestCase" name="webTable" time="0.242"/>
  <system-out/>
  <testcase classname="TestCase.com.TestCase" name="dyanmicElement" time="0.390"/>
  <system-out/>
  <testcase classname="TestCase.com.TestCase" name="fileUpload" time="0.391"/>
  <system-out/>
</testsuite> <!-- TestCase.com.TestCase -->
